mar. 27, 2025 5:41:08 PM liquibase.changelog
INFO: Reading resource: db/changelog/migrations/db.changelog-202503271438.sql
mar. 27, 2025 5:41:08 PM liquibase.changelog
INFO: Reading resource: db/changelog/migrations/db.changelog-202503271639.sql
mar. 27, 2025 5:41:08 PM liquibase.changelog
INFO: Reading resource: db/changelog/migrations/db.changelog-202503271647.sql
mar. 27, 2025 5:41:08 PM liquibase.changelog
INFO: Reading resource: db/changelog/migrations/db.changelog-202503271658.sql
mar. 27, 2025 5:41:08 PM liquibase.changelog
INFO: Reading from board.DATABASECHANGELOG
Database is up to date, no changesets to execute
mar. 27, 2025 5:41:08 PM liquibase.changelog
INFO: Reading from board.DATABASECHANGELOG

UPDATE SUMMARY
Run:                          0
Previously run:               4
Filtered out:                 0
-------------------------------
Total change sets:            4

mar. 27, 2025 5:41:08 PM liquibase.util
INFO: UPDATE SUMMARY
mar. 27, 2025 5:41:08 PM liquibase.util
INFO: Run:                          0
mar. 27, 2025 5:41:08 PM liquibase.util
INFO: Previously run:               4
mar. 27, 2025 5:41:08 PM liquibase.util
INFO: Filtered out:                 0
mar. 27, 2025 5:41:08 PM liquibase.util
INFO: -------------------------------
mar. 27, 2025 5:41:08 PM liquibase.util
INFO: Total change sets:            4
mar. 27, 2025 5:41:08 PM liquibase.util
INFO: Update summary generated
mar. 27, 2025 5:41:08 PM liquibase.lockservice
INFO: Successfully released change log lock
mar. 27, 2025 5:41:08 PM liquibase.command
INFO: Command execution complete
